#
# There is insufficient memory for the Java Runtime Environment to continue.
# Native memory allocation (malloc) failed to allocate 393480 bytes. Error detail: Chunk::new
# Possible reasons:
#   The system is out of physical RAM or swap space
#   This process is running with CompressedOops enabled, and the Java Heap may be blocking the growth of the native heap
# Possible solutions:
#   Reduce memory load on the system
#   Increase physical memory or swap space
#   Check if swap backing store is full
#   Decrease Java heap size (-Xmx/-Xms)
#   Decrease number of Java threads
#   Decrease Java thread stack sizes (-Xss)
#   Set larger code cache with -XX:ReservedCodeCacheSize=
#   JVM is running with Unscaled Compressed Oops mode in which the Java heap is
#     placed in the first 4GB address space. The Java Heap base address is the
#     maximum limit for the native heap growth. Please use -XX:HeapBaseMinAddress
#     to set the Java Heap base and to place the Java Heap above 4GB virtual address.
# This output file may be truncated or incomplete.
#
#  Out of Memory Error (arena.cpp:186), pid=14936, tid=12704
#
# JRE version: Java(TM) SE Runtime Environment (25.0.2+10) (build 25.0.2+10-LTS-69)
# Java VM: Java HotSpot(TM) 64-Bit Server VM (25.0.2+10-LTS-69, mixed mode, sharing, tiered, compressed oops, compressed class ptrs, g1 gc, windows-amd64)
# No core dump will be written. Minidumps are not enabled by default on client versions of Windows
#

---------------  S U M M A R Y ------------

Command Line: -javaagent:E:\IntelliJ IDEA 2025.3.3\lib\idea_rt.jar=61933 -Dfile.encoding=UTF-8 -Dsun.stdout.encoding=UTF-8 -Dsun.stderr.encoding=UTF-8 com.auction.client.Launcher

Host: 11th Gen Intel(R) Core(TM) i3-1115G4 @ 3.00GHz, 4 cores, 7G,  Windows 11 , 64 bit Build 26100 (10.0.26100.8328)
Time: Tue May 19 00:19:02 2026 SE Asia Standard Time elapsed time: 20.133053 seconds (0d 0h 0m 20s)

---------------  T H R E A D  ---------------

Current thread (0x00000148f3b68b00):  JavaThread "C2 CompilerThread0" daemon [_thread_in_native, id=12704, stack(0x00000006d0e00000,0x00000006d0f00000) (1024K)]


Current CompileTask:
C2:20133 4141       4       javafx.css.SimpleSelector::applies (54 bytes)

Stack: [0x00000006d0e00000,0x00000006d0f00000]
Native frames: (J=compiled Java code, j=interpreted, Vv=VM code, C=native code)
V  [jvm.dll+0x7a70f9]  (no source info available)
V  [jvm.dll+0x772d6d]  (no source info available)
V  [jvm.dll+0x965d53]  (no source info available)
V  [jvm.dll+0x968351]  (no source info available)
V  [jvm.dll+0x968a63]  (no source info available)
V  [jvm.dll+0x2fc846]  (no source info available)
V  [jvm.dll+0x111b16]  (no source info available)
V  [jvm.dll+0x111e3e]  (no source info available)
V  [jvm.dll+0x45276d]  (no source info available)
V  [jvm.dll+0x421aa2]  (no source info available)
V  [jvm.dll+0x420eba]  (no source info available)
V  [jvm.dll+0x2c0979]  (no source info available)
V  [jvm.dll+0x2bfb5f]  (no source info available)
V  [jvm.dll+0x2379a0]  (no source info available)
V  [jvm.dll+0x2cfc86]  (no source info available)
V  [jvm.dll+0x2cdf05]  (no source info available)
V  [jvm.dll+0x48e9d1]  (no source info available)
V  [jvm.dll+0x906fcd]  (no source info available)
V  [jvm.dll+0x7a56d5]  (no source info available)
C  [ucrtbase.dll+0x37b0]  (no source info available)
C  [KERNEL32.DLL+0x2e957]  (no source info available)
C  [ntdll.dll+0x427c]  (no source info available)

Lock stack of current Java thread (top to bottom):


---------------  P R O C E S S  ---------------

Threads class SMR info:
_java_thread_list=0x00000148f9430d00, length=25, elements={
0x00000148d76612a0, 0x00000148f3b1c040, 0x00000148f3b1cea0, 0x00000148f3b1e350,
0x00000148f3b202d0, 0x00000148f3b2e380, 0x00000148f3b247c0, 0x00000148f3b68b00,
0x00000148f3b69440, 0x00000148f3b220b0, 0x00000148f3b26700, 0x00000148f3b23050,
0x00000148f3b276a0, 0x00000148f3e466e0, 0x00000148f3e45f10, 0x00000148f3e4b500,
0x00000148f3e4ad30, 0x00000148f3e48df0, 0x00000148f3b22880, 0x00000148f91e9430,
0x00000148f91ed2b0, 0x00000148f93eeeb0, 0x00000148f93f1d90, 0x00000148f9a69090,
0x00000148f3f7c3e0
}

Java Threads: ( => current thread )
  0x00000148d76612a0 JavaThread "main"                              [_thread_blocked, id=20532, stack(0x00000006cff00000,0x00000006d0000000) (1024K)]
  0x00000148f3b1c040 JavaThread "Reference Handler"          daemon [_thread_blocked, id=18236, stack(0x00000006d0800000,0x00000006d0900000) (1024K)]
  0x00000148f3b1cea0 JavaThread "Finalizer"                  daemon [_thread_blocked, id=20436, stack(0x00000006d0900000,0x00000006d0a00000) (1024K)]
  0x00000148f3b1e350 JavaThread "Signal Dispatcher"          daemon [_thread_blocked, id=10424, stack(0x00000006d0a00000,0x00000006d0b00000) (1024K)]
  0x00000148f3b202d0 JavaThread "Attach Listener"            daemon [_thread_blocked, id=21168, stack(0x00000006d0b00000,0x00000006d0c00000) (1024K)]
  0x00000148f3b2e380 JavaThread "Service Thread"             daemon [_thread_blocked, id=10532, stack(0x00000006d0c00000,0x00000006d0d00000) (1024K)]
  0x00000148f3b247c0 JavaThread "Monitor Deflation Thread"   daemon [_thread_blocked, id=21068, stack(0x00000006d0d00000,0x00000006d0e00000) (1024K)]
=>0x00000148f3b68b00 JavaThread "C2 CompilerThread0"         daemon [_thread_in_native, id=12704, stack(0x00000006d0e00000,0x00000006d0f00000) (1024K)]
  0x00000148f3b69440 JavaThread "C1 CompilerThread0"         daemon [_thread_in_native, id=21060, stack(0x00000006d0f00000,0x00000006d1000000) (1024K)]
  0x00000148f3b220b0 JavaThread "Common-Cleaner"             daemon [_thread_blocked, id=17200, stack(0x00000006d1000000,0x00000006d1100000) (1024K)]
  0x00000148f3b26700 JavaThread "Monitor Ctrl-Break"         daemon [_thread_in_native, id=13076, stack(0x00000006d1100000,0x00000006d1200000) (1024K)]
  0x00000148f3b23050 JavaThread "Notification Thread"        daemon [_thread_blocked, id=7696, stack(0x00000006d1300000,0x00000006d1400000) (1024K)]
  0x00000148f3b276a0 JavaThread "JavaFX-Launcher"                   [_thread_blocked, id=21196, stack(0x00000006d1400000,0x00000006d1500000) (1024K)]
  0x00000148f3e466e0 JavaThread "RMI TCP Accept-0"           daemon [_thread_in_native, id=19508, stack(0x00000006d1500000,0x00000006d1600000) (1024K)]
  0x00000148f3e45f10 JavaThread "RMI TCP Connection(1)-192.168.42.102" daemon [_thread_in_native, id=17384, stack(0x00000006d1600000,0x00000006d1700000) (1024K)]
  0x00000148f3e4b500 JavaThread "RMI Scheduler(0)"           daemon [_thread_blocked, id=13564, stack(0x00000006d1700000,0x00000006d1800000) (1024K)]
  0x00000148f3e4ad30 JavaThread "JMX server connection timeout 30" daemon [_thread_blocked, id=8636, stack(0x00000006d1800000,0x00000006d1900000) (1024K)]
  0x00000148f3e48df0 JavaThread "QuantumRenderer-0"          daemon [_thread_blocked, id=21024, stack(0x00000006d1200000,0x00000006d1300000) (1024K)]
  0x00000148f3b22880 JavaThread "InvokeLaterDispatcher"      daemon [_thread_blocked, id=18124, stack(0x00000006d1900000,0x00000006d1a00000) (1024K)]
  0x00000148f91e9430 JavaThread "JavaFX Application Thread"         [_thread_in_native, id=4060, stack(0x00000006d1a00000,0x00000006d1b00000) (1024K)]
  0x00000148f91ed2b0 JavaThread "Thread-2"                   daemon [_thread_in_native, id=20848, stack(0x00000006d1e00000,0x00000006d1f00000) (1024K)]
  0x00000148f93eeeb0 JavaThread "Prism Font Disposer"        daemon [_thread_blocked, id=4032, stack(0x00000006d2200000,0x00000006d2300000) (1024K)]
  0x00000148f93f1d90 JavaThread "Cleaner-0"                  daemon [_thread_blocked, id=15636, stack(0x00000006d2600000,0x00000006d2700000) (1024K)]
  0x00000148f9a69090 JavaThread "RMI TCP Connection(2)-192.168.42.102" daemon [_thread_in_native, id=19000, stack(0x00000006d2700000,0x00000006d2800000) (1024K)]
  0x00000148f3f7c3e0 JavaThread "C2 CompilerThread1"         daemon [_thread_in_native, id=19344, stack(0x00000006d2800000,0x00000006d2900000) (1024K)]
Total: 25

Other Threads:
  0x00000148f3b0a200 VMThread "VM Thread"                           [id=12912, stack(0x00000006d0700000,0x00000006d0800000) (1024K)]
  0x00000148f3afbdb0 WatcherThread "VM Periodic Task Thread"        [id=17276, stack(0x00000006d0600000,0x00000006d0700000) (1024K)]
  0x00000148d76bcc80 WorkerThread "GC Thread#0"                     [id=18784, stack(0x00000006d0100000,0x00000006d0200000) (1024K)]
  0x00000148f93a2a10 WorkerThread "GC Thread#1"                     [id=20556, stack(0x00000006d1f00000,0x00000006d2000000) (1024K)]
  0x00000148f93a3700 WorkerThread "GC Thread#2"                     [id=4768, stack(0x00000006d2000000,0x00000006d2100000) (1024K)]
  0x00000148f93a3fa0 WorkerThread "GC Thread#3"                     [id=14424, stack(0x00000006d2100000,0x00000006d2200000) (1024K)]
  0x00000148d53add50 ConcurrentGCThread "G1 Main Marker"            [id=12624, stack(0x00000006d0200000,0x00000006d0300000) (1024K)]
  0x00000148d53ae6f0 WorkerThread "G1 Conc#0"                       [id=13096, stack(0x00000006d0300000,0x00000006d0400000) (1024K)]
  0x00000148f39cc100 ConcurrentGCThread "G1 Refine#0"               [id=21200, stack(0x00000006d0400000,0x00000006d0500000) (1024K)]
  0x00000148f39cc9c0 ConcurrentGCThread "G1 Service"                [id=3640, stack(0x00000006d0500000,0x00000006d0600000) (1024K)]
Total: 10

Threads with active compile tasks:
C2 CompilerThread0  20257 4141       4       javafx.css.SimpleSelector::applies (54 bytes)
C1 CompilerThread0  20257 4154       3       javafx.scene.CssStyleHelper::lookupFont (1235 bytes)
C2 CompilerThread1  20257 4152       4       com.sun.javafx.css.BitSet::addAll (374 bytes)
Total: 3

VM state: not at safepoint (normal execution)

VM Mutex/Monitor currently owned by a thread: None

Heap address: 0x0000000084c00000, size: 1972 MB, Compressed Oops mode: 32-bit

CDS archive(s) mapped at: [0x000000002c000000-0x000000002cdd0000-0x000000002cdd0000), size 14483456, SharedBaseAddress: 0x000000002c000000, ArchiveRelocationMode: 1.
Compressed class space mapped at: 0x000000002d000000-0x000000006d000000, reserved size: 1073741824
UseCompressedClassPointers 1, UseCompactObjectHeaders 0
Narrow klass pointer bits 32, Max shift 3
Narrow klass base: 0x000000002c000000, Narrow klass shift: 0
Encoding Range: [0x000000002c000000 - 0x000000012c000000), (4294967296 bytes)
Klass Range:    [0x000000002c010000 - 0x000000006d000000), (1090453504 bytes)
Klass ID Range:  [65536 - 1090519033) (1090453497)
Protection zone: [0x000000002c000000 - 0x000000002c010000), (65536 bytes)

GC Precious Log:
 CardTable entry size: 512
 Card Set container configuration: InlinePtr #cards 5 size 8 Array Of Cards #cards 10 size 36 Howl #buckets 4 coarsen threshold 1843 Howl Bitmap #cards 512 size 80 coarsen threshold 460 Card regions per heap region 1 cards per card region 2048
 CPUs: 4 total, 4 available
 Memory: 7887M
 Large Page Support: Disabled
 NUMA Support: Disabled
 Compressed Oops: Enabled (32-bit)
 Heap Region Size: 1M
 Heap Min Capacity: 8M
 Heap Initial Capacity: 124M
 Heap Max Capacity: 1972M
 Pre-touch: Disabled
 Parallel Workers: 4
 Concurrent Workers: 1
 Concurrent Refinement Workers: 4
 Periodic GC: Disabled

Heap:
 garbage-first heap   total reserved 2019328K, committed 51200K, used 21120K [0x0000000084c00000, 0x0000000100000000)
  region size 1024K, 15 young (15360K), 6 survivors (6144K)

Heap Regions: E=young(eden), S=young(survivor), O=old, HS=humongous(starts), HC=humongous(continues), CS=collection set, F=free, TAMS=top-at-mark-start, PB=parsable bottom
|   0|0x0000000084c00000, 0x0000000084d00000, 0x0000000084d00000|100%| O|  |TAMS 0x0000000084c00000| PB 0x0000000084c00000| Untracked |  0
|   1|0x0000000084d00000, 0x0000000084e00000, 0x0000000084e00000|100%|HS|  |TAMS 0x0000000084d00000| PB 0x0000000084d00000| Complete |  0
|   2|0x0000000084e00000, 0x0000000084f00000, 0x0000000084f00000|100%|HC|  |TAMS 0x0000000084e00000| PB 0x0000000084e00000| Complete |  0
|   3|0x0000000084f00000, 0x0000000085000000, 0x0000000085000000|100%| O|  |TAMS 0x0000000084f00000| PB 0x0000000084f00000| Untracked |  0
|   4|0x0000000085000000, 0x0000000085100000, 0x0000000085100000|100%| O|  |TAMS 0x0000000085000000| PB 0x0000000085000000| Untracked |  0
|   5|0x0000000085100000, 0x0000000085200000, 0x0000000085200000|100%| O|  |TAMS 0x0000000085100000| PB 0x0000000085100000| Untracked |  0
|   6|0x0000000085200000, 0x000000008520e480, 0x0000000085300000|  5%| O|  |TAMS 0x0000000085200000| PB 0x0000000085200000| Untracked |  0
|   7|0x0000000085300000, 0x0000000085300000, 0x0000000085400000|  0%| F|  |TAMS 0x0000000085300000| PB 0x0000000085300000| Untracked |  0
|   8|0x0000000085400000, 0x0000000085400000, 0x0000000085500000|  0%| F|  |TAMS 0x0000000085400000| PB 0x0000000085400000| Untracked |  0
|   9|0x0000000085500000, 0x0000000085500000, 0x0000000085600000|  0%| F|  |TAMS 0x0000000085500000| PB 0x0000000085500000| Untracked |  0
|  10|0x0000000085600000, 0x0000000085600000, 0x0000000085700000|  0%| F|  |TAMS 0x0000000085600000| PB 0x0000000085600000| Untracked |  0
|  11|0x0000000085700000, 0x0000000085700000, 0x0000000085800000|  0%| F|  |TAMS 0x0000000085700000| PB 0x0000000085700000| Untracked |  0
|  12|0x0000000085800000, 0x0000000085800000, 0x0000000085900000|  0%| F|  |TAMS 0x0000000085800000| PB 0x0000000085800000| Untracked |  0
|  13|0x0000000085900000, 0x0000000085900000, 0x0000000085a00000|  0%| F|  |TAMS 0x0000000085900000| PB 0x0000000085900000| Untracked |  0
|  14|0x0000000085a00000, 0x0000000085a00000, 0x0000000085b00000|  0%| F|  |TAMS 0x0000000085a00000| PB 0x0000000085a00000| Untracked |  0
|  15|0x0000000085b00000, 0x0000000085b00000, 0x0000000085c00000|  0%| F|  |TAMS 0x0000000085b00000| PB 0x0000000085b00000| Untracked |  0
|  16|0x0000000085c00000, 0x0000000085c00000, 0x0000000085d00000|  0%| F|  |TAMS 0x0000000085c00000| PB 0x0000000085c00000| Untracked |  0
|  17|0x0000000085d00000, 0x0000000085d00000, 0x0000000085e00000|  0%| F|  |TAMS 0x0000000085d00000| PB 0x0000000085d00000| Untracked |  0
|  18|0x0000000085e00000, 0x0000000085e00000, 0x0000000085f00000|  0%| F|  |TAMS 0x0000000085e00000| PB 0x0000000085e00000| Untracked |  0
|  19|0x0000000085f00000, 0x0000000085f00000, 0x0000000086000000|  0%| F|  |TAMS 0x0000000085f00000| PB 0x0000000085f00000| Untracked |  0
|  20|0x0000000086000000, 0x0000000086000000, 0x0000000086100000|  0%| F|  |TAMS 0x0000000086000000| PB 0x0000000086000000| Untracked |  0
|  21|0x0000000086100000, 0x0000000086100000, 0x0000000086200000|  0%| F|  |TAMS 0x0000000086100000| PB 0x0000000086100000| Untracked |  0
|  22|0x0000000086200000, 0x0000000086200000, 0x0000000086300000|  0%| F|  |TAMS 0x0000000086200000| PB 0x0000000086200000| Untracked |  0
|  23|0x0000000086300000, 0x0000000086300000, 0x0000000086400000|  0%| F|  |TAMS 0x0000000086300000| PB 0x0000000086300000| Untracked |  0
|  24|0x0000000086400000, 0x0000000086400000, 0x0000000086500000|  0%| F|  |TAMS 0x0000000086400000| PB 0x0000000086400000| Untracked |  0
|  25|0x0000000086500000, 0x0000000086500000, 0x0000000086600000|  0%| F|  |TAMS 0x0000000086500000| PB 0x0000000086500000| Untracked |  0
|  26|0x0000000086600000, 0x0000000086600000, 0x0000000086700000|  0%| F|  |TAMS 0x0000000086600000| PB 0x0000000086600000| Untracked |  0
|  27|0x0000000086700000, 0x0000000086700000, 0x0000000086800000|  0%| F|  |TAMS 0x0000000086700000| PB 0x0000000086700000| Untracked |  0
|  28|0x0000000086800000, 0x0000000086800000, 0x0000000086900000|  0%| F|  |TAMS 0x0000000086800000| PB 0x0000000086800000| Untracked |  0
|  29|0x0000000086900000, 0x0000000086900000, 0x0000000086a00000|  0%| F|  |TAMS 0x0000000086900000| PB 0x0000000086900000| Untracked |  0
|  30|0x0000000086a00000, 0x0000000086a00000, 0x0000000086b00000|  0%| F|  |TAMS 0x0000000086a00000| PB 0x0000000086a00000| Untracked |  0
|  31|0x0000000086b00000, 0x0000000086b00000, 0x0000000086c00000|  0%| F|  |TAMS 0x0000000086b00000| PB 0x0000000086b00000| Untracked |  0
|  32|0x0000000086c00000, 0x0000000086c00000, 0x0000000086d00000|  0%| F|  |TAMS 0x0000000086c00000| PB 0x0000000086c00000| Untracked |  0
|  33|0x0000000086d00000, 0x0000000086d80000, 0x0000000086e00000| 50%| E|  |TAMS 0x0000000086d00000| PB 0x0000000086d00000| Complete |  0
|  34|0x0000000086e00000, 0x0000000086f00000, 0x0000000086f00000|100%| E|CS|TAMS 0x0000000086e00000| PB 0x0000000086e00000| Complete |  0
|  35|0x0000000086f00000, 0x0000000087000000, 0x0000000087000000|100%| E|CS|TAMS 0x0000000086f00000| PB 0x0000000086f00000| Complete |  0
|  36|0x0000000087000000, 0x0000000087100000, 0x0000000087100000|100%| E|CS|TAMS 0x0000000087000000| PB 0x0000000087000000| Complete |  0
|  37|0x0000000087100000, 0x0000000087200000, 0x0000000087200000|100%| E|CS|TAMS 0x0000000087100000| PB 0x0000000087100000| Complete |  0
|  38|0x0000000087200000, 0x0000000087300000, 0x0000000087300000|100%| E|CS|TAMS 0x0000000087200000| PB 0x0000000087200000| Complete |  0
|  39|0x0000000087300000, 0x0000000087400000, 0x0000000087400000|100%| E|CS|TAMS 0x0000000087300000| PB 0x0000000087300000| Complete |  0
|  40|0x0000000087400000, 0x0000000087500000, 0x0000000087500000|100%| E|CS|TAMS 0x0000000087400000| PB 0x0000000087400000| Complete |  0
|  67|0x0000000088f00000, 0x0000000088f6c4b0, 0x0000000089000000| 42%| S|CS|TAMS 0x0000000088f00000| PB 0x0000000088f00000| Complete |  0
|  68|0x0000000089000000, 0x0000000089100000, 0x0000000089100000|100%| S|CS|TAMS 0x0000000089000000| PB 0x0000000089000000| Complete |  0
|  69|0x0000000089100000, 0x0000000089200000, 0x0000000089200000|100%| S|CS|TAMS 0x0000000089100000| PB 0x0000000089100000| Complete |  0
|  70|0x0000000089200000, 0x0000000089300000, 0x0000000089300000|100%| S|CS|TAMS 0x0000000089200000| PB 0x0000000089200000| Complete |  0
|  71|0x0000000089300000, 0x0000000089400000, 0x0000000089400000|100%| S|CS|TAMS 0x0000000089300000| PB 0x0000000089300000| Complete |  0
|  72|0x0000000089400000, 0x0000000089500000, 0x0000000089500000|100%| S|CS|TAMS 0x0000000089400000| PB 0x0000000089400000| Complete |  0
| 123|0x000000008c700000, 0x000000008c800000, 0x000000008c800000|100%| E|CS|TAMS 0x000000008c700000| PB 0x000000008c700000| Complete |  0
|1970|0x00000000ffe00000, 0x00000000fff00000, 0x00000000fff00000|100%| O|  |TAMS 0x00000000ffe00000| PB 0x00000000ffe00000| Untracked |  0
|1971|0x00000000fff00000, 0x00000000fff257b8, 0x0000000100000000| 14%| O|Cm|TAMS 0x00000000fff00000| PB 0x00000000fff00000| Complete |  0

Card table byte_map: [0x00000148ef2d0000,0x00000148ef6b0000] _byte_map_base: 0x00000148eeeaa000

Marking Bits: (CMBitMap*) 0x00000148d76bd210
 Bits: [0x00000148ef6b0000, 0x00000148f1580000)

Polling page: 0x00000148d5720000

Metaspace:
Metaspace        used 21935K, committed 22272K, reserved 1114112K
 class space     used 3326K, committed 3456K, reserved 1048576K

Usage:
  Non-class:     18.17 MB used.
      Class:      3.25 MB used.
       Both:     21.42 MB used.

Virtual space:
  Non-class space:       64.00 MB reserved,      18.38 MB ( 29%) committed,  1 nodes.
      Class space:        1.00 GB reserved,       3.38 MB ( <1%) committed,  1 nodes.
             Both:        1.06 GB reserved,      21.75 MB (  2%) committed. 

Chunk freelists:
   Non-Class:  12.91 MB
       Class:  12.52 MB
        Both:  25.42 MB

MaxMetaspaceSize: unlimited
CompressedClassSpaceSize: 1.00 GB
Initial GC threshold: 21.00 MB
Current GC threshold: 35.25 MB
CDS: on
 - commit_granule_bytes: 65536.
 - commit_granule_words: 8192.
 - virtual_space_node_default_size: 8388608.
 - enlarge_chunks_in_place: 1.
UseCompressedClassPointers 1, UseCompactObjectHeaders 0
Narrow klass pointer bits 32, Max shift 3
Narrow klass base: 0x000000002c000000, Narrow klass shift: 0
Encoding Range: [0x000000002c000000 - 0x000000012c000000), (4294967296 bytes)
Klass Range:    [0x000000002c010000 - 0x000000006d000000), (1090453504 bytes)
Klass ID Range:  [65536 - 1090519033) (1090453497)
Protection zone: [0x000000002c000000 - 0x000000002c010000), (65536 bytes)


Internal statistics:

num_allocs_failed_limit: 3.
num_arena_births: 316.
num_arena_deaths: 0.
num_vsnodes_births: 2.
num_vsnodes_deaths: 0.
num_space_committed: 348.
num_space_uncommitted: 0.
num_chunks_returned_to_freelist: 3.
num_chunks_taken_from_freelist: 932.
num_chunk_merges: 3.
num_chunk_splits: 636.
num_chunks_enlarged: 469.
num_inconsistent_stats: 0.

CodeHeap 'non-profiled nmethods': size=120064Kb used=1290Kb max_used=1290Kb free=118773Kb
 bounds [0x00000148e79b0000, 0x00000148e7c20000, 0x00000148eeef0000]
CodeHeap 'profiled nmethods': size=120000Kb used=6405Kb max_used=6405Kb free=113594Kb
 bounds [0x00000148dfef0000, 0x00000148e0540000, 0x00000148e7420000]
CodeHeap 'non-nmethods': size=5696Kb used=1979Kb max_used=2101Kb free=3716Kb
 bounds [0x00000148e7420000, 0x00000148e7690000, 0x00000148e79b0000]
CodeCache: size=245760Kb, used=9674Kb, max_used=9796Kb, free=236083Kb
 total_blobs=5033, nmethods=4148, adapters=787, full_count=0
Compilation: enabled, stopped_count=0, restarted_count=0

Compilation events (20 events):
Event: 19.924 Thread 0x00000148f3b69440 4138       3       com.sun.javafx.event.BasicEventDispatcher::<init> (5 bytes)
Event: 19.924 Thread 0x00000148f3b69440 nmethod 4138 0x00000148e052ce08 code [0x00000148e052cf00, 0x00000148e052d060]
Event: 19.924 Thread 0x00000148f3b69440 4139       3       java.lang.System$1::getEnumConstantsShared (8 bytes)
Event: 19.924 Thread 0x00000148f3b69440 nmethod 4139 0x00000148e052d108 code [0x00000148e052d200, 0x00000148e052d488]
Event: 19.924 Thread 0x00000148f3b68b00 nmethod 4140 0x00000148e7af2788 code [0x00000148e7af2880, 0x00000148e7af2970]
Event: 19.924 Thread 0x00000148f3b68b00 4141       4       javafx.css.SimpleSelector::applies (54 bytes)
Event: 19.925 Thread 0x00000148f3b69440 4142       3       javafx.beans.property.StringPropertyBase::set (93 bytes)
Event: 19.925 Thread 0x00000148f3b69440 nmethod 4142 0x00000148e052d508 code [0x00000148e052d600, 0x00000148e052e2b8]
Event: 19.925 Thread 0x00000148f3b69440 4145       3       com.sun.javafx.collections.ObservableListWrapper::clear (85 bytes)
Event: 19.926 Thread 0x00000148f3b69440 nmethod 4145 0x00000148e052e308 code [0x00000148e052e400, 0x00000148e052f9c8]
Event: 19.930 Thread 0x00000148f3b69440 4147       3       com.sun.javafx.css.StyleManager$Key::equals (99 bytes)
Event: 19.930 Thread 0x00000148f3b69440 nmethod 4147 0x00000148e052fa08 code [0x00000148e052fb00, 0x00000148e0530298]
Event: 19.930 Thread 0x00000148f3b69440 4148       3       java.util.regex.Pattern$$Lambda/0x000000002d068268::is (5 bytes)
Event: 19.930 Thread 0x00000148f3b69440 nmethod 4148 0x00000148e0530308 code [0x00000148e0530400, 0x00000148e0530648]
Event: 19.930 Thread 0x00000148f3b69440 4150       3       java.lang.Character::isLetterOrDigit (5 bytes)
Event: 19.931 Thread 0x00000148f3b69440 nmethod 4150 0x00000148e0530688 code [0x00000148e0530780, 0x00000148e0530a88]
Event: 19.931 Thread 0x00000148f3b69440 4151       3       java.lang.Character::isLetterOrDigit (19 bytes)
Event: 19.931 Thread 0x00000148f3b69440 nmethod 4151 0x00000148e0530b08 code [0x00000148e0530c00, 0x00000148e0530ea8]
Event: 19.931 Thread 0x00000148f3b69440 4149       3       java.util.regex.Pattern::lambda$DOT$0 (34 bytes)
Event: 19.931 Thread 0x00000148f3b69440 nmethod 4149 0x00000148e0530f08 code [0x00000148e0531000, 0x00000148e05311c8]

GC Heap Usage History (4 events):
Event: 1.332 {heap Before GC invocations=0 (full 0):
 garbage-first heap   total reserved 2019328K, committed 129024K, used 29845K [0x0000000084c00000, 0x0000000100000000)
  region size 1024K, 28 young (28672K), 0 survivors (0K)
}
Event: 1.336 {heap After GC invocations=1 (full 0):
 garbage-first heap   total reserved 2019328K, committed 129024K, used 5374K [0x0000000084c00000, 0x0000000100000000)
  region size 1024K, 4 young (4096K), 4 survivors (4096K)
}
Event: 13.452 {heap Before GC invocations=1 (full 0):
 garbage-first heap   total reserved 2019328K, committed 129024K, used 53502K [0x0000000084c00000, 0x0000000100000000)
  region size 1024K, 51 young (52224K), 4 survivors (4096K)
}
Event: 13.460 {heap After GC invocations=2 (full 0):
 garbage-first heap   total reserved 2019328K, committed 129024K, used 12928K [0x0000000084c00000, 0x0000000100000000)
  region size 1024K, 6 young (6144K), 6 survivors (6144K)
}

Metaspace Usage History (4 events):
Event: 1.332 {metaspace Before GC invocations=0 (full 0):
 Metaspace       used 9402K, committed 9664K, reserved 1114112K
  class space    used 1071K, committed 1216K, reserved 1048576K
}
Event: 1.336 {metaspace After GC invocations=1 (full 0):
 Metaspace       used 9402K, committed 9664K, reserved 1114112K
  class space    used 1071K, committed 1216K, reserved 1048576K
}
Event: 13.452 {metaspace Before GC invocations=1 (full 0):
 Metaspace       used 21208K, committed 21504K, reserved 1114112K
  class space    used 3197K, committed 3328K, reserved 1048576K
}
Event: 13.460 {metaspace After GC invocations=2 (full 0):
 Metaspace       used 21208K, committed 21504K, reserved 1114112K
  class space    used 3197K, committed 3328K, reserved 1048576K
}

Dll operation events (20 events):
Event: 0.637 Loaded shared library C:\Users\duydu\.openjfx\cache\21+31\amd64\api-ms-win-crt-heap-l1-1-0.dll
Event: 0.641 Loaded shared library C:\Users\duydu\.openjfx\cache\21+31\amd64\api-ms-win-crt-locale-l1-1-0.dll
Event: 0.645 Loaded shared library C:\Users\duydu\.openjfx\cache\21+31\amd64\api-ms-win-crt-math-l1-1-0.dll
Event: 0.649 Loaded shared library C:\Users\duydu\.openjfx\cache\21+31\amd64\api-ms-win-crt-multibyte-l1-1-0.dll
Event: 0.653 Loaded shared library C:\Users\duydu\.openjfx\cache\21+31\amd64\api-ms-win-crt-private-l1-1-0.dll
Event: 0.657 Loaded shared library C:\Users\duydu\.openjfx\cache\21+31\amd64\api-ms-win-crt-process-l1-1-0.dll
Event: 0.661 Loaded shared library C:\Users\duydu\.openjfx\cache\21+31\amd64\api-ms-win-crt-runtime-l1-1-0.dll
Event: 0.664 Loaded shared library C:\Users\duydu\.openjfx\cache\21+31\amd64\api-ms-win-crt-stdio-l1-1-0.dll
Event: 0.668 Loaded shared library C:\Users\duydu\.openjfx\cache\21+31\amd64\api-ms-win-crt-string-l1-1-0.dll
Event: 0.671 Loaded shared library C:\Users\duydu\.openjfx\cache\21+31\amd64\api-ms-win-crt-time-l1-1-0.dll
Event: 0.675 Loaded shared library C:\Users\duydu\.openjfx\cache\21+31\amd64\api-ms-win-crt-utility-l1-1-0.dll
Event: 0.692 Loaded shared library C:\Users\duydu\.openjfx\cache\21+31\amd64\ucrtbase.dll
Event: 0.698 Loaded shared library C:\Users\duydu\.openjfx\cache\21+31\amd64\vcruntime140.dll
Event: 0.703 Loaded shared library C:\Users\duydu\.openjfx\cache\21+31\amd64\vcruntime140_1.dll
Event: 0.714 Loaded shared library C:\Users\duydu\.openjfx\cache\21+31\amd64\msvcp140.dll
Event: 0.719 Loaded shared library C:\Users\duydu\.openjfx\cache\21+31\amd64\msvcp140_1.dll
Event: 0.727 Loaded shared library C:\Users\duydu\.openjfx\cache\21+31\amd64\msvcp140_2.dll
Event: 1.065 Loaded shared library C:\Users\duydu\.openjfx\cache\21+31\amd64\prism_d3d.dll
Event: 1.218 Loaded shared library C:\Users\duydu\.openjfx\cache\21+31\amd64\glass.dll
Event: 1.597 Loaded shared library C:\Users\duydu\.openjfx\cache\21+31\amd64\javafx_font.dll

Deoptimization events (20 events):
Event: 13.480 Thread 0x00000148f91e9430 Uncommon trap: trap_request=0xffffff45 fr.pc=0x00000148e7a61274 relative=0x00000000000006f4
Event: 13.480 Thread 0x00000148f91e9430 Uncommon trap: reason=unstable_if action=reinterpret pc=0x00000148e7a61274 method=java.util.WeakHashMap.expungeStaleEntries()V @ 66 c2
Event: 13.480 Thread 0x00000148f91e9430 DEOPT PACKING pc=0x00000148e7a61274 sp=0x00000006d1af9ea0
Event: 13.480 Thread 0x00000148f91e9430 DEOPT UNPACKING pc=0x00000148e7550d02 sp=0x00000006d1af9e20 mode 2
Event: 19.924 Thread 0x00000148f91e9430 Uncommon trap: trap_request=0xffffffbe fr.pc=0x00000148e7aeed1c relative=0x0000000000000b9c
Event: 19.924 Thread 0x00000148f91e9430 Uncommon trap: reason=profile_predicate action=maybe_recompile pc=0x00000148e7aeed1c method=com.sun.javafx.css.BitSet.addAll(Ljava/util/Collection;)Z @ 122 c2
Event: 19.924 Thread 0x00000148f91e9430 DEOPT PACKING pc=0x00000148e7aeed1c sp=0x00000006d1afba50
Event: 19.924 Thread 0x00000148f91e9430 DEOPT UNPACKING pc=0x00000148e7550d02 sp=0x00000006d1afb9c0 mode 2
Event: 19.924 Thread 0x00000148f91e9430 Uncommon trap: trap_request=0xffffffbe fr.pc=0x00000148e7aeed1c relative=0x0000000000000b9c
Event: 19.924 Thread 0x00000148f91e9430 Uncommon trap: reason=profile_predicate action=maybe_recompile pc=0x00000148e7aeed1c method=com.sun.javafx.css.BitSet.addAll(Ljava/util/Collection;)Z @ 122 c2
Event: 19.924 Thread 0x00000148f91e9430 DEOPT PACKING pc=0x00000148e7aeed1c sp=0x00000006d1afba50
Event: 19.924 Thread 0x00000148f91e9430 DEOPT UNPACKING pc=0x00000148e7550d02 sp=0x00000006d1afb9c0 mode 2
Event: 19.925 Thread 0x00000148f91e9430 Uncommon trap: trap_request=0xffffffbe fr.pc=0x00000148e7aeed1c relative=0x0000000000000b9c
Event: 19.925 Thread 0x00000148f91e9430 Uncommon trap: reason=profile_predicate action=maybe_recompile pc=0x00000148e7aeed1c method=com.sun.javafx.css.BitSet.addAll(Ljava/util/Collection;)Z @ 122 c2
Event: 19.925 Thread 0x00000148f91e9430 DEOPT PACKING pc=0x00000148e7aeed1c sp=0x00000006d1afb620
Event: 19.925 Thread 0x00000148f91e9430 DEOPT UNPACKING pc=0x00000148e7550d02 sp=0x00000006d1afb590 mode 2
Event: 19.930 Thread 0x00000148f91e9430 Uncommon trap: trap_request=0xffffffbe fr.pc=0x00000148e7aeed1c relative=0x0000000000000b9c
Event: 19.930 Thread 0x00000148f91e9430 Uncommon trap: reason=profile_predicate action=maybe_recompile pc=0x00000148e7aeed1c method=com.sun.javafx.css.BitSet.addAll(Ljava/util/Collection;)Z @ 122 c2
Event: 19.930 Thread 0x00000148f91e9430 DEOPT PACKING pc=0x00000148e7aeed1c sp=0x00000006d1afbb10
Event: 19.930 Thread 0x00000148f91e9430 DEOPT UNPACKING pc=0x00000148e7550d02 sp=0x00000006d1afba80 mode 2

Classes loaded (20 events):
Event: 13.415 Loading class java/util/BitSet$1BitSetSpliterator
Event: 13.416 Loading class java/util/Spliterator$OfInt
Event: 13.416 Loading class java/util/Spliterator$OfPrimitive
Event: 13.416 Loading class java/util/Spliterator$OfPrimitive done
Event: 13.416 Loading class java/util/Spliterator$OfInt done
Event: 13.416 Loading class java/util/BitSet$1BitSetSpliterator done
Event: 13.416 Loading class java/util/stream/IntPipeline$Head
Event: 13.416 Loading class java/util/stream/IntPipeline
Event: 13.417 Loading class java/util/stream/IntPipeline done
Event: 13.417 Loading class java/util/stream/IntPipeline$Head done
Event: 13.417 Loading class java/util/stream/IntPipeline$1
Event: 13.418 Loading class java/util/stream/IntPipeline$1 done
Event: 13.418 Loading class java/util/stream/IntPipeline$1$1
Event: 13.418 Loading class java/util/stream/Sink$ChainedInt
Event: 13.418 Loading class java/util/stream/Sink$OfInt
Event: 13.418 Loading class java/util/stream/Sink$OfInt done
Event: 13.418 Loading class java/util/stream/Sink$ChainedInt done
Event: 13.418 Loading class java/util/stream/IntPipeline$1$1 done
Event: 19.889 Loading class java/io/FileOutputStream$1
Event: 19.923 Loading class java/io/FileOutputStream$1 done

Classes unloaded (0 events):
No events

Classes redefined (0 events):
No events

Internal exceptions (20 events):
Event: 1.501 Thread 0x00000148f91e9430 Exception <a 'java/lang/NoSuchMethodError'{0x000000008c20e5c0}: 'java.lang.Object java.lang.invoke.DirectMethodHandle$Holder.invokeStatic(java.lang.Object, java.lang.Object, int)'> (0x000000008c20e5c0) 
thrown [s\open\src\hotspot\share\interpreter\linkResolver.cpp, line 804]
Event: 1.502 Thread 0x00000148f91e9430 Exception <a 'java/lang/NoSuchMethodError'{0x000000008c216cc0}: 'void java.lang.invoke.DirectMethodHandle$Holder.invokeStatic(java.lang.Object, java.lang.Object, int, java.lang.Object)'> (0x000000008c216cc0) 
thrown [s\open\src\hotspot\share\interpreter\linkResolver.cpp, line 804]
Event: 1.502 Thread 0x00000148f91e9430 Exception <a 'java/lang/NoSuchMethodError'{0x000000008c226da8}: 'void java.lang.invoke.DelegatingMethodHandle$Holder.delegate(java.lang.Object, java.lang.Object, int, java.lang.Object)'> (0x000000008c226da8) 
thrown [s\open\src\hotspot\share\interpreter\linkResolver.cpp, line 804]
Event: 1.546 Thread 0x00000148f91e9430 Exception <a 'java/io/IOException'{0x000000008c1a8e18}> (0x000000008c1a8e18) 
thrown [s\open\src\hotspot\share\prims\jni.cpp, line 516]
Event: 1.658 Thread 0x00000148f91e9430 Exception <a 'java/lang/NoSuchMethodError'{0x000000008bd15450}: 'void java.lang.invoke.DirectMethodHandle$Holder.invokeStaticInit(java.lang.Object, java.lang.Object)'> (0x000000008bd15450) 
thrown [s\open\src\hotspot\share\interpreter\linkResolver.cpp, line 804]
Event: 1.664 Thread 0x00000148f91e9430 Exception <a 'java/lang/NoSuchMethodError'{0x000000008bd46d90}: 'void java.lang.invoke.DirectMethodHandle$Holder.invokeSpecial(java.lang.Object, java.lang.Object, java.lang.Object, java.lang.Object, java.lang.Object)'> (0x000000008bd46d90) 
thrown [s\open\src\hotspot\share\interpreter\linkResolver.cpp, line 804]
Event: 1.705 Thread 0x00000148f91e9430 Exception <a 'java/lang/NoSuchMethodError'{0x000000008bcc4b70}: 'void java.lang.invoke.Invokers$Holder.invokeExact_MT(java.lang.Object, java.lang.Object, java.lang.Object, java.lang.Object)'> (0x000000008bcc4b70) 
thrown [s\open\src\hotspot\share\interpreter\linkResolver.cpp, line 804]
Event: 1.725 Thread 0x00000148f91e9430 Exception <a 'java/lang/NoSuchMethodError'{0x000000008bb72660}: 'void java.lang.invoke.DirectMethodHandle$Holder.invokeSpecial(java.lang.Object, java.lang.Object, double)'> (0x000000008bb72660) 
thrown [s\open\src\hotspot\share\interpreter\linkResolver.cpp, line 804]
Event: 1.725 Thread 0x00000148f91e9430 Exception <a 'java/lang/NoSuchMethodError'{0x000000008bb82bb0}: 'void java.lang.invoke.DelegatingMethodHandle$Holder.reinvoke_L(java.lang.Object, java.lang.Object, double)'> (0x000000008bb82bb0) 
thrown [s\open\src\hotspot\share\interpreter\linkResolver.cpp, line 804]
Event: 1.981 Thread 0x00000148f91e9430 Exception <a 'java/lang/IncompatibleClassChangeError'{0x000000008b3126b0}: Found class java.lang.Object, but interface was expected> (0x000000008b3126b0) 
thrown [s\open\src\hotspot\share\interpreter\linkResolver.cpp, line 871]
Event: 2.231 Thread 0x00000148f91e9430 Exception <a 'java/lang/NoSuchMethodError'{0x000000008a61d708}: 'java.lang.Object java.lang.invoke.DirectMethodHandle$Holder.newInvokeSpecial(java.lang.Object, java.lang.Object, int)'> (0x000000008a61d708) 
thrown [s\open\src\hotspot\share\interpreter\linkResolver.cpp, line 804]
Event: 2.276 Thread 0x00000148f3e48df0 Exception <a 'java/lang/NoSuchMethodError'{0x000000008a502450}: 'int java.lang.invoke.DirectMethodHandle$Holder.invokeStaticInit(java.lang.Object, java.lang.Object)'> (0x000000008a502450) 
thrown [s\open\src\hotspot\share\interpreter\linkResolver.cpp, line 804]
Event: 2.284 Thread 0x00000148f91e9430 Exception <a 'java/lang/NoSuchMethodError'{0x000000008a6e85b0}: 'long java.lang.invoke.DirectMethodHandle$Holder.invokeStatic(java.lang.Object, java.lang.Object, java.lang.Object)'> (0x000000008a6e85b0) 
thrown [s\open\src\hotspot\share\interpreter\linkResolver.cpp, line 804]
Event: 2.285 Thread 0x00000148f91e9430 Exception <a 'java/lang/NoSuchMethodError'{0x000000008a6f0448}: 'long java.lang.invoke.DirectMethodHandle$Holder.invokeStaticInit(java.lang.Object, java.lang.Object, java.lang.Object)'> (0x000000008a6f0448) 
thrown [s\open\src\hotspot\share\interpreter\linkResolver.cpp, line 804]
Event: 2.287 Thread 0x00000148f91e9430 Exception <a 'java/lang/NoSuchMethodError'{0x000000008a5c0d48}: 'java.lang.Object java.lang.invoke.DirectMethodHandle$Holder.newInvokeSpecial(java.lang.Object, java.lang.Object, long)'> (0x000000008a5c0d48) 
thrown [s\open\src\hotspot\share\interpreter\linkResolver.cpp, line 804]
Event: 4.878 Thread 0x00000148f91e9430 Exception <a 'java/lang/NoSuchMethodError'{0x000000008a2b8508}: 'java.lang.Object java.lang.invoke.DirectMethodHandle$Holder.newInvokeSpecial(java.lang.Object, java.lang.Object, java.lang.Object, int, java.lang.Object, java.lang.Object, java.lang.Object, int)'> (0x000000008a2b8508) 
thrown [s\open\src\hotspot\share\interpreter\linkResolver.cpp, line 804]
Event: 6.717 Thread 0x00000148f91e9430 Exception <a 'java/lang/NoSuchMethodError'{0x000000008a17c138}: 'void java.lang.invoke.DirectMethodHandle$Holder.invokeVirtual(java.lang.Object, java.lang.Object)'> (0x000000008a17c138) 
thrown [s\open\src\hotspot\share\interpreter\linkResolver.cpp, line 804]
Event: 8.146 Thread 0x00000148f91e9430 Exception <a 'java/lang/NoSuchMethodError'{0x0000000089e45968}: 'java.lang.Object java.lang.invoke.DirectMethodHandle$Holder.newInvokeSpecial(java.lang.Object, java.lang.Object, int, int, int, int, int, java.lang.Object)'> (0x0000000089e45968) 
thrown [s\open\src\hotspot\share\interpreter\linkResolver.cpp, line 804]
Event: 8.147 Thread 0x00000148f91e9430 Exception <a 'java/lang/NoSuchMethodError'{0x0000000089e6e548}: 'java.lang.Object java.lang.invoke.DirectMethodHandle$Holder.newInvokeSpecial(java.lang.Object, java.lang.Object, java.lang.Object, int, int, int, int, int)'> (0x0000000089e6e548) 
thrown [s\open\src\hotspot\share\interpreter\linkResolver.cpp, line 804]
Event: 8.148 Thread 0x00000148f91e9430 Exception <a 'java/lang/NoSuchMethodError'{0x0000000089e7eba8}: 'java.lang.Object java.lang.invoke.Invokers$Holder.linkToTargetMethod(java.lang.Object, java.lang.Object, int, int, int, int, int, java.lang.Object)'> (0x0000000089e7eba8) 
thrown [s\open\src\hotspot\share\interpreter\linkResolver.cpp, line 804]

VM Operations (20 events):
Event: 1.148 Executing non-safepoint VM operation: HandshakeAllThreads (Deoptimize)
Event: 1.148 Executing non-safepoint VM operation: HandshakeAllThreads (Deoptimize) done
Event: 1.332 Executing safepoint VM operation: G1CollectForAllocation (G1 Evacuation Pause)
Event: 1.336 Executing safepoint VM operation: G1CollectForAllocation (G1 Evacuation Pause) done
Event: 6.749 Executing non-safepoint VM operation: HandshakeAllThreads (Deoptimize)
Event: 6.749 Executing non-safepoint VM operation: HandshakeAllThreads (Deoptimize) done
Event: 13.425 Executing non-safepoint VM operation: HandshakeAllThreads (Deoptimize)
Event: 13.425 Executing non-safepoint VM operation: HandshakeAllThreads (Deoptimize) done
Event: 13.431 Executing non-safepoint VM operation: HandshakeAllThreads (Deoptimize)
Event: 13.431 Executing non-safepoint VM operation: HandshakeAllThreads (Deoptimize) done
Event: 13.443 Executing non-safepoint VM operation: HandshakeAllThreads (Deoptimize)
Event: 13.443 Executing non-safepoint VM operation: HandshakeAllThreads (Deoptimize) done
Event: 13.452 Executing safepoint VM operation: CollectForMetadataAllocation (Metadata GC Threshold)
Event: 13.461 Executing safepoint VM operation: CollectForMetadataAllocation (Metadata GC Threshold) done
Event: 13.468 Executing safepoint VM operation: G1PauseRemark
Event: 13.470 Executing safepoint VM operation: G1PauseRemark done
Event: 13.473 Executing safepoint VM operation: G1PauseCleanup
Event: 13.475 Executing safepoint VM operation: G1PauseCleanup done
Event: 13.530 Executing non-safepoint VM operation: HandshakeAllThreads (Deoptimize)
Event: 13.530 Executing non-safepoint VM operation: HandshakeAllThreads (Deoptimize) done

Memory protections (0 events):
No events

Nmethod flushes (0 events):
No events

Events (20 events):
Event: 0.132 Thread 0x00000148f3b68b00 Thread added: 0x00000148f3d9a760
Event: 0.232 Thread 0x00000148d76612a0 Thread added: 0x00000148f3b26700
Event: 0.232 Thread 0x00000148d76612a0 Thread added: 0x00000148f3b23050
Event: 0.257 Thread 0x00000148d76612a0 Thread added: 0x00000148f3b276a0
Event: 0.516 Thread 0x00000148f3b202d0 Thread added: 0x00000148f3e466e0
Event: 0.542 Thread 0x00000148f3e466e0 Thread added: 0x00000148f3e45f10
Event: 0.569 Thread 0x00000148f3e45f10 Thread added: 0x00000148f3e4b500
Event: 0.577 Thread 0x00000148f3e45f10 Thread added: 0x00000148f3e4ad30
Event: 0.737 Thread 0x00000148f3d9a760 Thread exited: 0x00000148f3d9a760
Event: 0.769 Thread 0x00000148f3b276a0 Thread added: 0x00000148f3e48df0
Event: 1.221 Thread 0x00000148f3b276a0 Thread added: 0x00000148f3b22880
Event: 1.224 Thread 0x00000148f3b276a0 Thread added: 0x00000148f91e9430
Event: 1.322 Thread 0x00000148f91ed2b0 Thread added: 0x00000148f91ed2b0
Event: 1.616 Thread 0x00000148f3b69440 Thread added: 0x00000148f884be30
Event: 1.924 Thread 0x00000148f884be30 Thread exited: 0x00000148f884be30
Event: 1.973 Thread 0x00000148f91e9430 Thread added: 0x00000148f93eeeb0
Event: 2.353 Thread 0x00000148f3e48df0 Thread added: 0x00000148f93f1d90
Event: 8.833 Thread 0x00000148f3e466e0 Thread added: 0x00000148f9a69090
Event: 13.391 Thread 0x00000148f3b68b00 Thread added: 0x00000148f88506c0
Event: 13.855 Thread 0x00000148f88506c0 Thread exited: 0x00000148f88506c0


Dynamic libraries:
0x00007ff7b8b20000 - 0x00007ff7b8b30000 	C:\Program Files\Java\jdk-25.0.2\bin\java.exe
0x00007ffa8eec0000 - 0x00007ffa8f127000 	C:\WINDOWS\SYSTEM32\ntdll.dll
0x00007ffa8dfe0000 - 0x00007ffa8e0a9000 	C:\WINDOWS\System32\KERNEL32.DLL
0x00007ffa8c5e0000 - 0x00007ffa8c9d7000 	C:\WINDOWS\System32\KERNELBASE.dll
0x00007ffa8c2b0000 - 0x00007ffa8c3fb000 	C:\WINDOWS\System32\ucrtbase.dll
0x00007ffa6e6c0000 - 0x00007ffa6e6d7000 	C:\Program Files\Java\jdk-25.0.2\bin\jli.dll
0x00007ffa6e600000 - 0x00007ffa6e61e000 	C:\Program Files\Java\jdk-25.0.2\bin\VCRUNTIME140.dll
0x00007ffa8cf20000 - 0x00007ffa8d0e6000 	C:\WINDOWS\System32\USER32.dll
0x00007ffa8ca90000 - 0x00007ffa8cab7000 	C:\WINDOWS\System32\win32u.dll
0x00007ffa754e0000 - 0x00007ffa75772000 	C:\WINDOWS\WinSxS\amd64_microsoft.windows.common-controls_6595b64144ccf1df_6.0.26100.8457_none_3e0b2faee331e92d\COMCTL32.dll
0x00007ffa8e0b0000 - 0x00007ffa8e0db000 	C:\WINDOWS\System32\GDI32.dll
0x00007ffa8eb60000 - 0x00007ffa8ec09000 	C:\WINDOWS\System32\msvcrt.dll
0x00007ffa8c400000 - 0x00007ffa8c52c000 	C:\WINDOWS\System32\gdi32full.dll
0x00007ffa8c9e0000 - 0x00007ffa8ca83000 	C:\WINDOWS\System32\msvcp_win.dll
0x00007ffa8eb20000 - 0x00007ffa8eb52000 	C:\WINDOWS\System32\IMM32.DLL
0x00007ffa86930000 - 0x00007ffa8693c000 	C:\Program Files\Java\jdk-25.0.2\bin\vcruntime140_1.dll
0x00007ffa518e0000 - 0x00007ffa5196d000 	C:\Program Files\Java\jdk-25.0.2\bin\msvcp140.dll
0x00007ff9a3470000 - 0x00007ff9a42cf000 	C:\Program Files\Java\jdk-25.0.2\bin\server\jvm.dll
0x00007ffa8cda0000 - 0x00007ffa8ce56000 	C:\WINDOWS\System32\ADVAPI32.dll
0x00007ffa8eca0000 - 0x00007ffa8ed47000 	C:\WINDOWS\System32\sechost.dll
0x00007ffa8ed50000 - 0x00007ffa8ee68000 	C:\WINDOWS\System32\RPCRT4.dll
0x00007ffa8def0000 - 0x00007ffa8df70000 	C:\WINDOWS\System32\WS2_32.dll
0x00007ffa8b750000 - 0x00007ffa8b7ae000 	C:\WINDOWS\SYSTEM32\POWRPROF.dll
0x00007ffa7bb80000 - 0x00007ffa7bb8b000 	C:\WINDOWS\SYSTEM32\VERSION.dll
0x00007ffa83fc0000 - 0x00007ffa83ff6000 	C:\WINDOWS\SYSTEM32\WINMM.dll
0x00007ffa8b730000 - 0x00007ffa8b744000 	C:\WINDOWS\SYSTEM32\UMPDC.dll
0x00007ffa8a680000 - 0x00007ffa8a69b000 	C:\WINDOWS\SYSTEM32\kernel.appcore.dll
0x00007ffa79a00000 - 0x00007ffa79a0a000 	C:\Program Files\Java\jdk-25.0.2\bin\jimage.dll
0x00007ffa89740000 - 0x00007ffa89982000 	C:\WINDOWS\SYSTEM32\DBGHELP.DLL
0x00007ffa8da80000 - 0x00007ffa8de03000 	C:\WINDOWS\System32\combase.dll
0x00007ffa8de10000 - 0x00007ffa8dee9000 	C:\WINDOWS\System32\OLEAUT32.dll
0x00007ffa63260000 - 0x00007ffa6329b000 	C:\WINDOWS\SYSTEM32\dbgcore.DLL
0x00007ffa8c530000 - 0x00007ffa8c5d8000 	C:\WINDOWS\System32\bcryptPrimitives.dll
0x00007ffa6e410000 - 0x00007ffa6e420000 	C:\Program Files\Java\jdk-25.0.2\bin\instrument.dll
0x00007ffa565a0000 - 0x00007ffa565bf000 	C:\Program Files\Java\jdk-25.0.2\bin\java.dll
0x00007ffa8d1f0000 - 0x00007ffa8d387000 	C:\WINDOWS\System32\ole32.dll
0x00007ffa8e2e0000 - 0x00007ffa8ea4e000 	C:\WINDOWS\System32\SHELL32.dll
0x00007ffa8b9b0000 - 0x00007ffa8c21c000 	C:\WINDOWS\System32\windows.storage.dll
0x00007ffa8d0f0000 - 0x00007ffa8d1e6000 	C:\WINDOWS\System32\SHCORE.dll
0x00007ffa8ce60000 - 0x00007ffa8cec6000 	C:\WINDOWS\System32\shlwapi.dll
0x00007ffa8b810000 - 0x00007ffa8b839000 	C:\WINDOWS\SYSTEM32\profapi.dll
0x00007ffa55f90000 - 0x00007ffa55fa7000 	C:\Program Files\Java\jdk-25.0.2\bin\zip.dll
0x00007ffa55f70000 - 0x00007ffa55f82000 	C:\Program Files\Java\jdk-25.0.2\bin\net.dll
0x00007ffa8abf0000 - 0x00007ffa8ac5c000 	C:\WINDOWS\system32\mswsock.dll
0x00007ffa46210000 - 0x00007ffa46226000 	C:\Program Files\Java\jdk-25.0.2\bin\nio.dll
0x00007ffa8a220000 - 0x00007ffa8a352000 	C:\WINDOWS\SYSTEM32\DNSAPI.dll
0x00007ffa8a140000 - 0x00007ffa8a172000 	C:\WINDOWS\SYSTEM32\IPHLPAPI.DLL
0x00007ffa8d390000 - 0x00007ffa8d39a000 	C:\WINDOWS\System32\NSI.dll
0x00007ffa7d2d0000 - 0x00007ffa7d2db000 	C:\Windows\System32\rasadhlp.dll
0x00007ffa83f30000 - 0x00007ffa83fb6000 	C:\WINDOWS\System32\fwpuclnt.dll
0x00007ffa5c6a0000 - 0x00007ffa5c6a9000 	C:\Program Files\Java\jdk-25.0.2\bin\extnet.dll
0x00007ffa55f60000 - 0x00007ffa55f6a000 	C:\Program Files\Java\jdk-25.0.2\bin\management.dll
0x00007ffa55de0000 - 0x00007ffa55dec000 	C:\Program Files\Java\jdk-25.0.2\bin\management_ext.dll
0x00007ffa8d3a0000 - 0x00007ffa8d3a8000 	C:\WINDOWS\System32\PSAPI.DLL
0x00000148d75f0000 - 0x00000148d75f3000 	C:\Users\duydu\.openjfx\cache\21+31\amd64\api-ms-win-core-console-l1-1-0.dll
0x00000148d7600000 - 0x00000148d7603000 	C:\Users\duydu\.openjfx\cache\21+31\amd64\api-ms-win-core-console-l1-2-0.dll
0x00000148d7610000 - 0x00000148d7613000 	C:\Users\duydu\.openjfx\cache\21+31\amd64\api-ms-win-core-datetime-l1-1-0.dll
0x00000148f3fc0000 - 0x00000148f3fc3000 	C:\Users\duydu\.openjfx\cache\21+31\amd64\api-ms-win-core-debug-l1-1-0.dll
0x00007ffa8aed0000 - 0x00007ffa8aeeb000 	C:\WINDOWS\SYSTEM32\CRYPTSP.dll
0x00007ffa8a5e0000 - 0x00007ffa8a619000 	C:\WINDOWS\system32\rsaenh.dll
0x00007ffa8aca0000 - 0x00007ffa8acd3000 	C:\WINDOWS\SYSTEM32\USERENV.dll
0x00007ffa8b7e0000 - 0x00007ffa8b80a000 	C:\WINDOWS\SYSTEM32\bcrypt.dll
0x00007ffa8aef0000 - 0x00007ffa8aefc000 	C:\WINDOWS\SYSTEM32\CRYPTBASE.dll
0x00000148f3fd0000 - 0x00000148f3fd3000 	C:\Users\duydu\.openjfx\cache\21+31\amd64\api-ms-win-core-errorhandling-l1-1-0.dll
0x00000148f3fe0000 - 0x00000148f3fe4000 	C:\Users\duydu\.openjfx\cache\21+31\amd64\api-ms-win-core-file-l1-1-0.dll
0x00000148f3ff0000 - 0x00000148f3ff3000 	C:\Users\duydu\.openjfx\cache\21+31\amd64\api-ms-win-core-file-l1-2-0.dll
0x00007ffa46230000 - 0x00007ffa46248000 	C:\WINDOWS\system32\napinsp.dll
0x00007ffa46280000 - 0x00007ffa46293000 	C:\WINDOWS\System32\winrnr.dll
0x00007ffa46250000 - 0x00007ffa46272000 	C:\WINDOWS\system32\nlansp_c.dll
0x00007ffa5bb30000 - 0x00007ffa5bb46000 	C:\WINDOWS\system32\wshbth.dll
0x00000148f9c20000 - 0x00000148f9c23000 	C:\Users\duydu\.openjfx\cache\21+31\amd64\api-ms-win-core-file-l2-1-0.dll
0x00000148f9c30000 - 0x00000148f9c33000 	C:\Users\duydu\.openjfx\cache\21+31\amd64\api-ms-win-core-handle-l1-1-0.dll
0x00000148f9c40000 - 0x00000148f9c43000 	C:\Users\duydu\.openjfx\cache\21+31\amd64\api-ms-win-core-heap-l1-1-0.dll
0x00000148f9c50000 - 0x00000148f9c53000 	C:\Users\duydu\.openjfx\cache\21+31\amd64\api-ms-win-core-interlocked-l1-1-0.dll
0x00000148f8000000 - 0x00000148f8003000 	C:\Users\duydu\.openjfx\cache\21+31\amd64\api-ms-win-core-libraryloader-l1-1-0.dll
0x00000148f8010000 - 0x00000148f8013000 	C:\Users\duydu\.openjfx\cache\21+31\amd64\api-ms-win-core-localization-l1-2-0.dll
0x00000148f8020000 - 0x00000148f8023000 	C:\Users\duydu\.openjfx\cache\21+31\amd64\api-ms-win-core-memory-l1-1-0.dll
0x00000148f8030000 - 0x00000148f8033000 	C:\Users\duydu\.openjfx\cache\21+31\amd64\api-ms-win-core-namedpipe-l1-1-0.dll
0x00000148f8040000 - 0x00000148f8043000 	C:\Users\duydu\.openjfx\cache\21+31\amd64\api-ms-win-core-processenvironment-l1-1-0.dll
0x00000148f8050000 - 0x00000148f8053000 	C:\Users\duydu\.openjfx\cache\21+31\amd64\api-ms-win-core-processthreads-l1-1-0.dll
0x00000148f8060000 - 0x00000148f8063000 	C:\Users\duydu\.openjfx\cache\21+31\amd64\api-ms-win-core-processthreads-l1-1-1.dll
0x00000148f8070000 - 0x00000148f8073000 	C:\Users\duydu\.openjfx\cache\21+31\amd64\api-ms-win-core-profile-l1-1-0.dll
0x00000148f8080000 - 0x00000148f8083000 	C:\Users\duydu\.openjfx\cache\21+31\amd64\api-ms-win-core-rtlsupport-l1-1-0.dll
0x00000148f8090000 - 0x00000148f8093000 	C:\Users\duydu\.openjfx\cache\21+31\amd64\api-ms-win-core-string-l1-1-0.dll
0x00000148f80a0000 - 0x00000148f80a3000 	C:\Users\duydu\.openjfx\cache\21+31\amd64\api-ms-win-core-synch-l1-1-0.dll
0x00000148f80b0000 - 0x00000148f80b3000 	C:\Users\duydu\.openjfx\cache\21+31\amd64\api-ms-win-core-synch-l1-2-0.dll
0x00000148f80c0000 - 0x00000148f80c3000 	C:\Users\duydu\.openjfx\cache\21+31\amd64\api-ms-win-core-sysinfo-l1-1-0.dll
0x00000148f80d0000 - 0x00000148f80d3000 	C:\Users\duydu\.openjfx\cache\21+31\amd64\api-ms-win-core-timezone-l1-1-0.dll
0x00000148f80e0000 - 0x00000148f80e3000 	C:\Users\duydu\.openjfx\cache\21+31\amd64\api-ms-win-core-util-l1-1-0.dll
0x00000148f80f0000 - 0x00000148f80f3000 	C:\Users\duydu\.openjfx\cache\21+31\amd64\api-ms-win-crt-conio-l1-1-0.dll
0x00007ffa74ec0000 - 0x00007ffa74f16000 	C:\WINDOWS\SYSTEM32\pdh.dll
0x00000148f8100000 - 0x00000148f8104000 	C:\Users\duydu\.openjfx\cache\21+31\amd64\api-ms-win-crt-convert-l1-1-0.dll
0x00000148f9c60000 - 0x00000148f9c63000 	C:\Users\duydu\.openjfx\cache\21+31\amd64\api-ms-win-crt-environment-l1-1-0.dll
0x00000148f9c70000 - 0x00000148f9c73000 	C:\Users\duydu\.openjfx\cache\21+31\amd64\api-ms-win-crt-filesystem-l1-1-0.dll
0x00000148f9c80000 - 0x00000148f9c83000 	C:\Users\duydu\.openjfx\cache\21+31\amd64\api-ms-win-crt-heap-l1-1-0.dll
0x00000148f9cd0000 - 0x00000148f9cd3000 	C:\Users\duydu\.openjfx\cache\21+31\amd64\api-ms-win-crt-locale-l1-1-0.dll
0x00000148f9ce0000 - 0x00000148f9ce5000 	C:\Users\duydu\.openjfx\cache\21+31\amd64\api-ms-win-crt-math-l1-1-0.dll
0x00000148f9cf0000 - 0x00000148f9cf5000 	C:\Users\duydu\.openjfx\cache\21+31\amd64\api-ms-win-crt-multibyte-l1-1-0.dll
0x00000148f9d00000 - 0x00000148f9d10000 	C:\Users\duydu\.openjfx\cache\21+31\amd64\api-ms-win-crt-private-l1-1-0.dll
0x00000148fa070000 - 0x00000148fa073000 	C:\Users\duydu\.openjfx\cache\21+31\amd64\api-ms-win-crt-process-l1-1-0.dll
0x00000148f9e00000 - 0x00000148f9e04000 	C:\Users\duydu\.openjfx\cache\21+31\amd64\api-ms-win-crt-runtime-l1-1-0.dll
0x00000148f9d60000 - 0x00000148f9d64000 	C:\Users\duydu\.openjfx\cache\21+31\amd64\api-ms-win-crt-stdio-l1-1-0.dll
0x00000148f9d10000 - 0x00000148f9d14000 	C:\Users\duydu\.openjfx\cache\21+31\amd64\api-ms-win-crt-string-l1-1-0.dll
0x00000148f9d20000 - 0x00000148f9d23000 	C:\Users\duydu\.openjfx\cache\21+31\amd64\api-ms-win-crt-time-l1-1-0.dll
0x00000148f9d30000 - 0x00000148f9d33000 	C:\Users\duydu\.openjfx\cache\21+31\amd64\api-ms-win-crt-utility-l1-1-0.dll
0x00007ffa267c0000 - 0x00007ffa268bc000 	C:\Users\duydu\.openjfx\cache\21+31\amd64\ucrtbase.dll
0x00007ffa433c0000 - 0x00007ffa433db000 	C:\Users\duydu\.openjfx\cache\21+31\amd64\vcruntime140.dll
0x00007ffa55b00000 - 0x00007ffa55b0c000 	C:\Users\duydu\.openjfx\cache\21+31\amd64\vcruntime140_1.dll
0x00007ff9d4570000 - 0x00007ff9d45fe000 	C:\Users\duydu\.openjfx\cache\21+31\amd64\msvcp140.dll
0x00007ffa518d0000 - 0x00007ffa518d9000 	C:\Users\duydu\.openjfx\cache\21+31\amd64\msvcp140_1.dll
0x00007ffa41ce0000 - 0x00007ffa41d0f000 	C:\Users\duydu\.openjfx\cache\21+31\amd64\msvcp140_2.dll
0x00007ffa696c0000 - 0x00007ffa696d2000 	C:\WINDOWS\System32\perfproc.dll
0x00007ffa66f20000 - 0x00007ffa66f31000 	C:\WINDOWS\System32\perfos.dll
0x00007ffa89d80000 - 0x00007ffa89d92000 	C:\WINDOWS\SYSTEM32\pfclient.dll
0x00007ffa2f330000 - 0x00007ffa2f35f000 	C:\Users\duydu\.openjfx\cache\21+31\amd64\prism_d3d.dll
0x00007ffa12410000 - 0x00007ffa125c3000 	C:\WINDOWS\system32\d3d9.dll
0x00007ffa88eb0000 - 0x00007ffa88edf000 	C:\WINDOWS\SYSTEM32\dwmapi.dll
0x00007ffa89140000 - 0x00007ffa89185000 	C:\WINDOWS\SYSTEM32\dxcore.dll
0x00007ffa88e00000 - 0x00007ffa88eaa000 	C:\WINDOWS\system32\uxtheme.dll
0x00007ff9bcc90000 - 0x00007ff9bceac000 	C:\Windows\System32\DriverStore\FileRepository\iigd_dch.inf_amd64_9741ef1f4093481f\igdumdim64.dll
0x00007ff9bb910000 - 0x00007ff9bcc83000 	C:\Windows\System32\DriverStore\FileRepository\iigd_dch.inf_amd64_9741ef1f4093481f\igd9dxva64.dll
0x00007ffa8d3b0000 - 0x00007ffa8d837000 	C:\WINDOWS\System32\SETUPAPI.dll
0x00007ffa8b4d0000 - 0x00007ffa8b521000 	C:\WINDOWS\SYSTEM32\cfgmgr32.dll
0x00007ffa35d10000 - 0x00007ffa37a30000 	C:\Windows\System32\DriverStore\FileRepository\iigd_dch.inf_amd64_9741ef1f4093481f\media_bin_64.dll
0x00007ffa83700000 - 0x00007ffa83b17000 	C:\Windows\System32\DriverStore\FileRepository\iigd_dch.inf_amd64_9741ef1f4093481f\igdgmm64.dll
0x00007ffa867c0000 - 0x00007ffa86821000 	C:\WINDOWS\SYSTEM32\directxdatabasehelper.dll
0x00007ffa27d50000 - 0x00007ffa27d92000 	C:\Users\duydu\.openjfx\cache\21+31\amd64\glass.dll
0x00007ffa8e0e0000 - 0x00007ffa8e1d0000 	C:\WINDOWS\System32\COMDLG32.dll

JVMTI agents:
E:\IntelliJ IDEA 2025.3.3\lib\idea_rt.jar path:C:\Program Files\Java\jdk-25.0.2\bin\instrument.dll, loaded, initialized, instrumentlib options:61933

dbghelp: loaded successfully - version: 4.0.5 - missing functions: none
symbol engine: initialized successfully - sym options: 0x614 - pdb path: .;C:\Program Files\Java\jdk-25.0.2\bin;C:\WINDOWS\SYSTEM32;C:\WINDOWS\WinSxS\amd64_microsoft.windows.common-controls_6595b64144ccf1df_6.0.26100.8457_none_3e0b2faee331e92d;C:\Program Files\Java\jdk-25.0.2\bin\server;C:\Users\duydu\.openjfx\cache\21+31\amd64;C:\Windows\System32\DriverStore\FileRepository\iigd_dch.inf_amd64_9741ef1f4093481f;C:\Program Files\Common Files\Microsoft Shared\Ink

VM Arguments:
jvm_args: -javaagent:E:\IntelliJ IDEA 2025.3.3\lib\idea_rt.jar=61933 -Dfile.encoding=UTF-8 -Dsun.stdout.encoding=UTF-8 -Dsun.stderr.encoding=UTF-8 
java_command: com.auction.client.Launcher
java_class_path (initial): E:\LTNC\AutionProject\Bai_tap_lon_nhom_14\target\classes;C:\Users\duydu\.m2\repository\org\openjfx\javafx-controls\21\javafx-controls-21.jar;C:\Users\duydu\.m2\repository\org\openjfx\javafx-controls\21\javafx-controls-21-win.jar;C:\Users\duydu\.m2\repository\org\openjfx\javafx-graphics\21\javafx-graphics-21.jar;C:\Users\duydu\.m2\repository\org\openjfx\javafx-graphics\21\javafx-graphics-21-win.jar;C:\Users\duydu\.m2\repository\org\openjfx\javafx-base\21\javafx-base-21.jar;C:\Users\duydu\.m2\repository\org\openjfx\javafx-base\21\javafx-base-21-win.jar;C:\Users\duydu\.m2\repository\org\openjfx\javafx-fxml\21\javafx-fxml-21.jar;C:\Users\duydu\.m2\repository\org\openjfx\javafx-fxml\21\javafx-fxml-21-win.jar;C:\Users\duydu\.m2\repository\com\google\code\gson\gson\2.10.1\gson-2.10.1.jar
Launcher Type: SUN_STANDARD

[Global flags]
     intx CICompilerCount                          = 3                                         {product} {ergonomic}
     uint ConcGCThreads                            = 1                                         {product} {ergonomic}
     uint G1ConcRefinementThreads                  = 4                                         {product} {ergonomic}
   size_t G1HeapRegionSize                         = 1048576                                   {product} {ergonomic}
   size_t InitialHeapSize                          = 130023424                                 {product} {ergonomic}
   size_t MarkStackSize                            = 4194304                                   {product} {ergonomic}
   size_t MarkStackSizeMax                         = 536870912                                 {product} {ergonomic}
   size_t MaxHeapSize                              = 2067791872                                {product} {ergonomic}
   size_t MaxNewSize                               = 1240465408                                {product} {ergonomic}
   size_t MinHeapDeltaBytes                        = 1048576                                   {product} {ergonomic}
   size_t MinHeapSize                              = 8388608                                   {product} {ergonomic}
    uintx NonNMethodCodeHeapSize                   = 5832704                                {pd product} {ergonomic}
    uintx NonProfiledCodeHeapSize                  = 122945536                              {pd product} {ergonomic}
    uintx ProfiledCodeHeapSize                     = 122880000                              {pd product} {ergonomic}
    uintx ReservedCodeCacheSize                    = 251658240                              {pd product} {ergonomic}
     bool SegmentedCodeCache                       = true                                      {product} {ergonomic}
   size_t SoftMaxHeapSize                          = 2067791872                             {manageable} {ergonomic}
     bool UseCompressedOops                        = true                           {product lp64_product} {ergonomic}
     bool UseG1GC                                  = true                                      {product} {ergonomic}
     bool UseLargePagesIndividualAllocation        = false                                  {pd product} {ergonomic}

Logging:
Log output configuration:
 #0: stdout all=warning uptime,level,tags foldmultilines=false
 #1: stderr all=off uptime,level,tags foldmultilines=false

Release file:
IMPLEMENTOR="Oracle Corporation" 
JAVA_RUNTIME_VERSION="25.0.2+10-LTS-69" 
JAVA_VERSION="25.0.2" 
JAVA_VERSION_DATE="2026-01-20" 
LIBC="default" 
MODULES="java.base java.compiler java.datatransfer java.xml java.prefs java.desktop java.instrument java.logging java.management java.security.sasl java.naming java.rmi java.management.rmi java.net.http java.scripting java.security.jgss java.transaction.xa java.sql java.sql.rowset java.xml.crypto java.se java.smartcardio jdk.accessibility jdk.internal.jvmstat jdk.attach jdk.charsets jdk.internal.opt jdk.zipfs jdk.compiler jdk.crypto.cryptoki jdk.crypto.ec jdk.crypto.mscapi jdk.dynalink jdk.internal.ed jdk.editpad jdk.internal.vm.ci jdk.graal.compiler jdk.graal.compiler.management jdk.hotspot.agent jdk.httpserver jdk.incubator.vector jdk.internal.le jdk.internal.md jdk.jartool jdk.javadoc jdk.jcmd jdk.management jdk.management.agent jdk.jconsole jdk.jdeps jdk.jdwp.agent jdk.jdi jdk.jfr jdk.jlink jdk.jpackage jdk.jshell jdk.jsobject jdk.jstatd jdk.localedata jdk.management.jfr jdk.naming.dns jdk.naming.rmi jdk.net jdk.nio.mapmode jdk.sctp jdk.security.auth jdk.security.jgss jdk.unsupported jdk.unsupported.desktop jdk.xml.dom" 
OS_ARCH="x86_64" 
OS_NAME="Windows" 
SOURCE=".:git:b75efb40c93a open:git:405a5699ebd0" 

Environment Variables:
JAVA_HOME=C:\Users\duydu\Downloads\jdk-25_windows-x64_bin
PATH=C:\Program Files\Common Files\Oracle\Java\javapath;C:\Program Files (x86)\Common Files\Oracle\Java\javapath;C:\WINDOWS\system32;C:\WINDOWS;C:\WINDOWS\System32\Wbem;C:\WINDOWS\System32\WindowsPowerShell\v1.0\;C:\WINDOWS\System32\OpenSSH\;C:\Program Files (x86)\Microsoft SQL Server\100\Tools\Binn\;C:\Program Files (x86)\Microsoft SQL Server\100\DTS\Binn\;C:\Users\duydu\Downloads\jdk-25_windows-x64_bin\bin;E:\Git\cmd;C:\Program Files\Cloudflare\Cloudflare WARP\;C:\Program Files\nodejs\;C:\Users\duydu\AppData\Local\Programs\Python\Python313\Scripts\;C:\Users\duydu\AppData\Local\Programs\Python\Python313\;C:\Users\duydu\AppData\Local\Microsoft\WindowsApps;E:\IntelliJ IDEA 2025.3.3\bin;C:\Users\duydu\AppData\Roaming\npm
USERNAME=duydu
OS=Windows_NT
PROCESSOR_IDENTIFIER=Intel64 Family 6 Model 140 Stepping 1, GenuineIntel
TMP=C:\Users\duydu\AppData\Local\Temp
TEMP=C:\Users\duydu\AppData\Local\Temp




Compilation memory statistics disabled.

Periodic native trim disabled

---------------  S Y S T E M  ---------------

OS:
 Windows 11 , 64 bit Build 26100 (10.0.26100.8328)
OS uptime: 0 days 5:28 hours

CPU: total 4 (initial active 4) (2 cores per cpu, 2 threads per core) family 6 model 140 stepping 1 microcode 0xa6, cx8, cmov, fxsr, ht, mmx, 3dnowpref, sse, sse2, sse3, ssse3, sse4.1, sse4.2, popcnt, lzcnt, tsc, tscinvbit, avx, avx2, aes, erms, clmul, bmi1, bmi2, adx, avx512f, avx512dq, avx512cd, avx512bw, avx512vl, sha, fma, vzeroupper, avx512_vpopcntdq, avx512_vpclmulqdq, avx512_vaes, avx512_vnni, clflush, clflushopt, clwb, avx512_vbmi2, avx512_vbmi, rdtscp, rdpid, fsrm, gfni, avx512_bitalg, f16c, pku, cet_ibt, cet_ss, avx512_ifma
Processor Information for the first 4 processors :
  Max Mhz: 2995, Current Mhz: 2995, Mhz Limit: 2995

Memory: 4k page, system-wide physical 7887M (536M free)
TotalPageFile size 16582M (AvailPageFile size 0M)
current process WorkingSet (physical memory assigned to process): 176M, peak: 211M
current process commit charge ("private bytes"): 230M, peak: 327M

vm_info: Java HotSpot(TM) 64-Bit Server VM (25.0.2+10-LTS-69) for windows-amd64 JRE (25.0.2+10-LTS-69), built on 2025-12-18T11:36:35Z with MS VC++ 17.13 (VS2022)

END.
